2026-05-25 15:30:24,336  INFO      text-csv cleaner — starting
2026-05-25 15:30:24,336  INFO      Config : C:\Users\hkawn\OneDrive\Desktop\text.csv\text-csv\config\config.json
2026-05-25 15:30:24,336  INFO      Files to clean : 3
2026-05-25 15:30:24,337  INFO      Cleaning : 100.csv  ->  100.csv
2026-05-25 15:30:25,550  INFO        Rows :     93 in  ->      87 out
2026-05-25 15:30:25,550  INFO        Dupes removed : 6  |  Nulls replaced : 2  |  Whitespace stripped : 0
2026-05-25 15:30:25,550  INFO        Outliers flagged : 0  |  Outliers removed : 0  |  Elapsed : 1.214s
2026-05-25 15:30:25,550  INFO        Column profiles:
2026-05-25 15:30:25,550  INFO          [John]  string   unique=87  nulls=0(0.0%)
2026-05-25 15:30:25,550  INFO          [23]  string   unique=15  nulls=13(14.94%)
2026-05-25 15:30:25,550  INFO          [Bangkok]  string   unique=8  nulls=24(27.59%)
2026-05-25 15:30:25,552  INFO        Report saved : 100_clean_report.json
2026-05-25 15:30:25,552  INFO      Cleaning : id,name,age,city.csv  ->  id,name,age,city.csv
2026-05-25 15:30:25,554  INFO        Rows :      7 in  ->       7 out
2026-05-25 15:30:25,554  INFO        Dupes removed : 0  |  Nulls replaced : 0  |  Whitespace stripped : 0
2026-05-25 15:30:25,554  INFO        Outliers flagged : 0  |  Outliers removed : 0  |  Elapsed : 0.001s
2026-05-25 15:30:25,554  INFO        Column profiles:
2026-05-25 15:30:25,555  INFO          [id]  numeric  min=1.0  max=7.0  mean=4.0  std=2.1602  nulls=0(0.0%)
2026-05-25 15:30:25,555  INFO          [name]  string   unique=4  nulls=0(0.0%)
2026-05-25 15:30:25,555  INFO          [age]  numeric  min=21.0  max=25.0  mean=22.5714  std=1.3973  nulls=0(0.0%)
2026-05-25 15:30:25,555  INFO          [city]  string   unique=3  nulls=0(0.0%)
2026-05-25 15:30:25,556  INFO        Report saved : id,name,age,city_clean_report.json
2026-05-25 15:30:25,556  INFO      Cleaning : mess.csv  ->  mess.csv
2026-05-25 15:30:25,558  INFO        Rows :      4 in  ->       4 out
2026-05-25 15:30:25,558  INFO        Dupes removed : 0  |  Nulls replaced : 0  |  Whitespace stripped : 0
2026-05-25 15:30:25,558  INFO        Outliers flagged : 0  |  Outliers removed : 0  |  Elapsed : 0.001s
2026-05-25 15:30:25,558  INFO        Column profiles:
2026-05-25 15:30:25,559  INFO          [John]  string   unique=4  nulls=0(0.0%)
2026-05-25 15:30:25,559  INFO          [23]  numeric  min=21.0  max=25.0  mean=23.0  std=1.8257  nulls=0(0.0%)
2026-05-25 15:30:25,559  INFO          [Bangkok]  string   unique=3  nulls=0(0.0%)
2026-05-25 15:30:25,559  INFO        Report saved : mess_clean_report.json
2026-05-25 15:30:25,559  INFO      ============================================================
2026-05-25 15:30:25,559  INFO      Completed : 3 / 3 files cleaned successfully
