2026-05-25 15:24:07,106  INFO      text-csv cleaner — starting
2026-05-25 15:24:07,106  INFO      Config : C:\Users\hkawn\OneDrive\Desktop\text.csv\text-csv\config\config.json
2026-05-25 15:24:07,107  INFO      Files to clean : 2
2026-05-25 15:24:07,107  INFO      Cleaning : 100.csv  ->  100.csv
2026-05-25 15:24:07,110  INFO        Rows :     94 in  ->      88 out
2026-05-25 15:24:07,110  INFO        Dupes removed : 6  |  Nulls replaced : 2  |  Whitespace stripped : 0
2026-05-25 15:24:07,110  INFO        Outliers flagged : 0  |  Outliers removed : 0  |  Elapsed : 0.003s
2026-05-25 15:24:07,113  INFO        Column profiles:
2026-05-25 15:24:07,113  INFO          [col_0]  string   unique=87  nulls=0(0.0%)
2026-05-25 15:24:07,113  INFO          [col_1]  string   unique=15  nulls=13(14.77%)
2026-05-25 15:24:07,113  INFO          [col_2]  string   unique=8  nulls=24(27.27%)
2026-05-25 15:24:07,113  INFO          [col_3]  string   unique=1  nulls=87(98.86%)
2026-05-25 15:24:07,113  INFO          [col_4]  string   unique=1  nulls=87(98.86%)
2026-05-25 15:24:07,114  INFO        Report saved : 100_clean_report.json
2026-05-25 15:24:07,114  INFO      Cleaning : mess.csv  ->  mess.csv
2026-05-25 15:24:07,115  INFO        Rows :      5 in  ->       5 out
2026-05-25 15:24:07,116  INFO        Dupes removed : 0  |  Nulls replaced : 0  |  Whitespace stripped : 0
2026-05-25 15:24:07,116  INFO        Outliers flagged : 0  |  Outliers removed : 0  |  Elapsed : 0.001s
2026-05-25 15:24:07,116  INFO        Column profiles:
2026-05-25 15:24:07,116  INFO          [col_0]  string   unique=4  nulls=0(0.0%)
2026-05-25 15:24:07,116  INFO          [col_1]  numeric  min=21.0  max=25.0  mean=23.0  std=1.5811  nulls=0(0.0%)
2026-05-25 15:24:07,116  INFO          [col_2]  string   unique=3  nulls=0(0.0%)
2026-05-25 15:24:07,117  INFO        Report saved : mess_clean_report.json
2026-05-25 15:24:07,117  INFO      ============================================================
2026-05-25 15:24:07,117  INFO      Completed : 2 / 2 files cleaned successfully
