2026-05-25 15:23:23,101  INFO      text-csv cleaner — starting
2026-05-25 15:23:23,101  INFO      Config : C:\Users\hkawn\OneDrive\Desktop\text.csv\text-csv\config\config.json
2026-05-25 15:23:23,102  INFO      Files to clean : 2
2026-05-25 15:23:23,102  INFO      Cleaning : 100.csv  ->  100.csv
2026-05-25 15:23:23,105  INFO        Rows :     93 in  ->      87 out
2026-05-25 15:23:23,106  INFO        Dupes removed : 6  |  Nulls replaced : 2  |  Whitespace stripped : 0
2026-05-25 15:23:23,106  INFO        Outliers flagged : 0  |  Outliers removed : 0  |  Elapsed : 0.002s
2026-05-25 15:23:23,107  INFO        Column profiles:
2026-05-25 15:23:23,107  INFO          [John]  string   unique=87  nulls=0(0.0%)
2026-05-25 15:23:23,107  INFO          [23]  string   unique=15  nulls=13(14.94%)
2026-05-25 15:23:23,107  INFO          [Bangkok]  string   unique=8  nulls=24(27.59%)
2026-05-25 15:23:23,108  INFO        Report saved : 100_clean_report.json
2026-05-25 15:23:23,109  INFO      Cleaning : mess.csv  ->  mess.csv
2026-05-25 15:23:23,110  INFO        Rows :      4 in  ->       4 out
2026-05-25 15:23:23,110  INFO        Dupes removed : 0  |  Nulls replaced : 0  |  Whitespace stripped : 0
2026-05-25 15:23:23,110  INFO        Outliers flagged : 0  |  Outliers removed : 0  |  Elapsed : 0.001s
2026-05-25 15:23:23,110  INFO        Column profiles:
2026-05-25 15:23:23,110  INFO          [John]  string   unique=4  nulls=0(0.0%)
2026-05-25 15:23:23,110  INFO          [23]  numeric  min=21.0  max=25.0  mean=23.0  std=1.8257  nulls=0(0.0%)
2026-05-25 15:23:23,110  INFO          [Bangkok]  string   unique=3  nulls=0(0.0%)
2026-05-25 15:23:23,111  INFO        Report saved : mess_clean_report.json
2026-05-25 15:23:23,111  INFO      ============================================================
2026-05-25 15:23:23,111  INFO      Completed : 2 / 2 files cleaned successfully
